\BOOKMARK [0][-]{chapter.1}{\376\377\000I\000n\000t\000r\000o\000d\000u\000c\000t\000i\000o\000n}{}% 1
\BOOKMARK [0][-]{chapter.2}{\376\377\000C\000e\000l\000e\000s\000t\000i\000a\000l\000\040\000B\000o\000d\000i\000e\000s}{}% 2
\BOOKMARK [1][-]{section.2.1}{\376\377\000S\000t\000a\000r}{chapter.2}% 3
\BOOKMARK [1][-]{section.2.2}{\376\377\000P\000l\000a\000n\000e\000t}{chapter.2}% 4
\BOOKMARK [1][-]{section.2.3}{\376\377\000A\000s\000t\000e\000r\000o\000i\000d\000\040\000B\000e\000l\000t}{chapter.2}% 5
\BOOKMARK [1][-]{section.2.4}{\376\377\000S\000a\000t\000e\000l\000l\000i\000t\000e}{chapter.2}% 6
\BOOKMARK [1][-]{section.2.5}{\376\377\000T\000r\000o\000j\000a\000n}{chapter.2}% 7
\BOOKMARK [1][-]{section.2.6}{\376\377\000T\000r\000o\000j\000a\000n\000\040\000S\000a\000t\000e\000l\000l\000i\000t\000e}{chapter.2}% 8
\BOOKMARK [1][-]{section.2.7}{\376\377\000R\000i\000n\000g}{chapter.2}% 9
\BOOKMARK [0][-]{chapter.3}{\376\377\000C\000e\000l\000e\000s\000t\000i\000a\000l\000\040\000S\000y\000s\000t\000e\000m\000s}{}% 10
\BOOKMARK [1][-]{section.3.1}{\376\377\000B\000i\000n\000a\000r\000y\000\040\000S\000y\000s\000t\000e\000m}{chapter.3}% 11
\BOOKMARK [1][-]{section.3.2}{\376\377\000S\000t\000e\000l\000l\000a\000r\000\040\000S\000y\000s\000t\000e\000m}{chapter.3}% 12
\BOOKMARK [1][-]{section.3.3}{\376\377\000P\000l\000a\000n\000e\000t\000a\000r\000y\000\040\000S\000y\000s\000t\000e\000m}{chapter.3}% 13
\BOOKMARK [0][-]{chapter.4}{\376\377\000Q\000u\000a\000n\000t\000i\000t\000i\000e\000s}{}% 14
\BOOKMARK [1][-]{section.4.1}{\376\377\000M\000a\000t\000e\000r\000i\000a\000l}{chapter.4}% 15
\BOOKMARK [2][-]{subsection.4.1.1}{\376\377\000M\000a\000s\000s}{section.4.1}% 16
\BOOKMARK [2][-]{subsection.4.1.2}{\376\377\000D\000e\000n\000s\000i\000t\000y}{section.4.1}% 17
\BOOKMARK [2][-]{subsection.4.1.3}{\376\377\000C\000o\000m\000p\000o\000s\000i\000t\000i\000o\000n\000\040\000T\000y\000p\000e}{section.4.1}% 18
\BOOKMARK [2][-]{subsection.4.1.4}{\376\377\000C\000h\000e\000m\000i\000c\000a\000l\000\040\000C\000o\000m\000p\000o\000s\000i\000t\000i\000o\000n}{section.4.1}% 19
\BOOKMARK [1][-]{section.4.2}{\376\377\000G\000e\000o\000m\000e\000t\000r\000i\000c}{chapter.4}% 20
\BOOKMARK [2][-]{subsection.4.2.1}{\376\377\000R\000a\000d\000i\000u\000s}{section.4.2}% 21
\BOOKMARK [2][-]{subsection.4.2.2}{\376\377\000C\000i\000r\000c\000u\000m\000f\000e\000r\000e\000n\000c\000e}{section.4.2}% 22
\BOOKMARK [2][-]{subsection.4.2.3}{\376\377\000S\000u\000r\000f\000a\000c\000e\000\040\000A\000r\000e\000a}{section.4.2}% 23
\BOOKMARK [2][-]{subsection.4.2.4}{\376\377\000V\000o\000l\000u\000m\000e}{section.4.2}% 24
\BOOKMARK [1][-]{section.4.3}{\376\377\000R\000o\000t\000a\000t\000i\000o\000n\000a\000l}{chapter.4}% 25
\BOOKMARK [2][-]{subsection.4.3.1}{\376\377\000S\000p\000i\000n\000\040\000P\000e\000r\000i\000o\000d}{section.4.3}% 26
\BOOKMARK [2][-]{subsection.4.3.2}{\376\377\000D\000a\000y\000\040\000P\000e\000r\000i\000o\000d}{section.4.3}% 27
\BOOKMARK [2][-]{subsection.4.3.3}{\376\377\000A\000x\000i\000a\000l\000\040\000T\000i\000l\000t}{section.4.3}% 28
\BOOKMARK [1][-]{section.4.4}{\376\377\000L\000i\000f\000e}{chapter.4}% 29
\BOOKMARK [2][-]{subsection.4.4.1}{\376\377\000A\000g\000e}{section.4.4}% 30
\BOOKMARK [2][-]{subsection.4.4.2}{\376\377\000L\000i\000f\000e\000t\000i\000m\000e}{section.4.4}% 31
\BOOKMARK [1][-]{section.4.5}{\376\377\000S\000u\000r\000f\000a\000c\000e}{chapter.4}% 32
\BOOKMARK [2][-]{subsection.4.5.1}{\376\377\000E\000m\000i\000s\000s\000i\000o\000n}{section.4.5}% 33
\BOOKMARK [3][-]{subsubsection*.28}{\376\377\000A\000l\000b\000e\000d\000o}{subsection.4.5.1}% 34
\BOOKMARK [3][-]{subsubsection*.30}{\376\377\000E\000m\000i\000s\000s\000i\000v\000i\000t\000y}{subsection.4.5.1}% 35
\BOOKMARK [3][-]{subsubsection*.32}{\376\377\000H\000e\000a\000t\000\040\000D\000i\000s\000t\000r\000i\000b\000u\000t\000i\000o\000n}{subsection.4.5.1}% 36
\BOOKMARK [3][-]{subsubsection*.34}{\376\377\000N\000o\000r\000m\000a\000l\000i\000z\000e\000d\000\040\000G\000r\000e\000e\000n\000h\000o\000u\000s\000e}{subsection.4.5.1}% 37
\BOOKMARK [3][-]{subsubsection*.36}{\376\377\000I\000n\000c\000i\000d\000e\000n\000t\000\040\000F\000l\000u\000x}{subsection.4.5.1}% 38
\BOOKMARK [3][-]{subsubsection*.38}{\376\377\000T\000e\000m\000p\000e\000r\000a\000t\000u\000r\000e}{subsection.4.5.1}% 39
\BOOKMARK [3][-]{subsubsection*.40}{\376\377\000L\000u\000m\000i\000n\000o\000s\000i\000t\000y}{subsection.4.5.1}% 40
\BOOKMARK [3][-]{subsubsection*.42}{\376\377\000P\000e\000a\000k\000\040\000W\000a\000v\000e\000l\000e\000n\000g\000t\000h}{subsection.4.5.1}% 41
\BOOKMARK [2][-]{subsection.4.5.2}{\376\377\000G\000r\000a\000v\000i\000t\000y}{section.4.5}% 42
\BOOKMARK [3][-]{subsubsection*.44}{\376\377\000S\000u\000r\000f\000a\000c\000e\000\040\000G\000r\000a\000v\000i\000t\000y}{subsection.4.5.2}% 43
\BOOKMARK [3][-]{subsubsection*.45}{\376\377\000E\000s\000c\000a\000p\000e\000\040\000V\000e\000l\000o\000c\000i\000t\000y}{subsection.4.5.2}% 44
\BOOKMARK [2][-]{subsection.4.5.3}{\376\377\000I\000n\000t\000e\000r\000n\000a\000l\000\040\000H\000e\000a\000t\000i\000n\000g}{section.4.5}% 45
\BOOKMARK [3][-]{subsubsection*.47}{\376\377\000T\000e\000c\000t\000o\000n\000i\000c\000\040\000A\000c\000t\000i\000v\000i\000t\000y}{subsection.4.5.3}% 46
\BOOKMARK [3][-]{subsubsection*.49}{\376\377\000P\000r\000i\000m\000o\000r\000d\000i\000a\000l\000\040\000H\000e\000a\000t\000i\000n\000g}{subsection.4.5.3}% 47
\BOOKMARK [3][-]{subsubsection*.51}{\376\377\000R\000a\000d\000i\000o\000g\000e\000n\000i\000c\000\040\000H\000e\000a\000t\000i\000n\000g}{subsection.4.5.3}% 48
\BOOKMARK [3][-]{subsubsection*.53}{\376\377\000T\000i\000d\000a\000l\000\040\000H\000e\000a\000t\000i\000n\000g}{subsection.4.5.3}% 49
\BOOKMARK [2][-]{subsection.4.5.4}{\376\377\000I\000n\000d\000u\000c\000e\000d\000\040\000T\000i\000d\000e}{section.4.5}% 50
\BOOKMARK [2][-]{subsection.4.5.5}{\376\377\000A\000n\000g\000u\000l\000a\000r\000\040\000D\000i\000a\000m\000e\000t\000e\000r}{section.4.5}% 51
\BOOKMARK [1][-]{section.4.6}{\376\377\000O\000r\000b\000i\000t\000a\000l}{chapter.4}% 52
\BOOKMARK [2][-]{subsection.4.6.1}{\376\377\000E\000c\000c\000e\000n\000t\000r\000i\000c\000i\000t\000y}{section.4.6}% 53
\BOOKMARK [2][-]{subsection.4.6.2}{\376\377\000S\000e\000m\000i\000-\000M\000a\000j\000o\000r\000\040\000A\000x\000i\000s}{section.4.6}% 54
\BOOKMARK [2][-]{subsection.4.6.3}{\376\377\000S\000e\000m\000i\000-\000M\000i\000n\000o\000r\000\040\000A\000x\000i\000s}{section.4.6}% 55
\BOOKMARK [2][-]{subsection.4.6.4}{\376\377\000A\000p\000o\000a\000p\000s\000i\000s}{section.4.6}% 56
\BOOKMARK [2][-]{subsection.4.6.5}{\376\377\000P\000e\000r\000i\000a\000p\000s\000i\000s}{section.4.6}% 57
\BOOKMARK [2][-]{subsection.4.6.6}{\376\377\000L\000a\000g\000r\000a\000n\000g\000e\000\040\000P\000o\000s\000i\000t\000i\000o\000n}{section.4.6}% 58
\BOOKMARK [2][-]{subsection.4.6.7}{\376\377\000C\000o\000n\000t\000a\000c\000t}{section.4.6}% 59
\BOOKMARK [2][-]{subsection.4.6.8}{\376\377\000R\000o\000c\000h\000e\000\040\000L\000o\000b\000e}{section.4.6}% 60
\BOOKMARK [2][-]{subsection.4.6.9}{\376\377\000O\000r\000b\000i\000t\000a\000l\000\040\000P\000e\000r\000i\000o\000d}{section.4.6}% 61
\BOOKMARK [2][-]{subsection.4.6.10}{\376\377\000O\000r\000b\000i\000t\000a\000l\000\040\000V\000e\000l\000o\000c\000i\000t\000y}{section.4.6}% 62
\BOOKMARK [2][-]{subsection.4.6.11}{\376\377\000O\000r\000b\000i\000t\000\040\000T\000y\000p\000e}{section.4.6}% 63
\BOOKMARK [2][-]{subsection.4.6.12}{\376\377\000O\000r\000b\000i\000t\000\040\000T\000y\000p\000e\000\040\000F\000a\000c\000t\000o\000r}{section.4.6}% 64
\BOOKMARK [2][-]{subsection.4.6.13}{\376\377\000O\000r\000b\000i\000t\000a\000l\000\040\000S\000t\000a\000b\000i\000l\000i\000t\000y}{section.4.6}% 65
\BOOKMARK [2][-]{subsection.4.6.14}{\376\377\000I\000n\000c\000l\000i\000n\000a\000t\000i\000o\000n}{section.4.6}% 66
\BOOKMARK [2][-]{subsection.4.6.15}{\376\377\000A\000r\000g\000u\000m\000e\000n\000t\000\040\000o\000f\000\040\000P\000e\000r\000i\000a\000p\000s\000i\000s}{section.4.6}% 67
\BOOKMARK [2][-]{subsection.4.6.16}{\376\377\000L\000o\000n\000g\000i\000t\000u\000d\000e\000\040\000o\000f\000\040\000t\000h\000e\000\040\000A\000s\000c\000e\000n\000d\000i\000n\000g\000\040\000N\000o\000d\000e}{section.4.6}% 68
\BOOKMARK [2][-]{subsection.4.6.17}{\376\377\000S\000e\000m\000i\000-\000M\000a\000j\000o\000r\000\040\000A\000x\000i\000s\000\040\000M\000i\000n\000i\000m\000u\000m\000\040\000L\000i\000m\000i\000t}{section.4.6}% 69
\BOOKMARK [2][-]{subsection.4.6.18}{\376\377\000S\000e\000m\000i\000-\000M\000a\000j\000o\000r\000\040\000A\000x\000i\000s\000\040\000M\000a\000x\000i\000m\000u\000m\000\040\000L\000i\000m\000i\000t}{section.4.6}% 70
\BOOKMARK [1][-]{section.4.7}{\376\377\000C\000h\000i\000l\000d\000r\000e\000n\000\040\000O\000r\000b\000i\000t\000\040\000L\000i\000m\000i\000t\000s}{chapter.4}% 71
\BOOKMARK [2][-]{subsection.4.7.1}{\376\377\000T\000i\000d\000a\000l\000\040\000L\000o\000c\000k\000i\000n\000g\000\040\000R\000a\000d\000i\000u\000s}{section.4.7}% 72
\BOOKMARK [2][-]{subsection.4.7.2}{\376\377\000R\000o\000c\000h\000e\000\040\000L\000i\000m\000i\000t}{section.4.7}% 73
\BOOKMARK [2][-]{subsection.4.7.3}{\376\377\000D\000e\000n\000s\000e\000\040\000R\000o\000c\000h\000e\000\040\000L\000i\000m\000i\000t}{section.4.7}% 74
\BOOKMARK [2][-]{subsection.4.7.4}{\376\377\000P\000-\000t\000y\000p\000e\000\040\000b\000i\000n\000a\000r\000y\000\040\000C\000r\000i\000t\000i\000c\000a\000l\000\040\000O\000r\000b\000i\000t}{section.4.7}% 75
\BOOKMARK [2][-]{subsection.4.7.5}{\376\377\000I\000n\000n\000e\000r\000\040\000O\000r\000b\000i\000t\000\040\000L\000i\000m\000i\000t}{section.4.7}% 76
\BOOKMARK [2][-]{subsection.4.7.6}{\376\377\000H\000i\000l\000l\000\040\000S\000p\000h\000e\000r\000e}{section.4.7}% 77
\BOOKMARK [2][-]{subsection.4.7.7}{\376\377\000R\000o\000c\000h\000e\000\040\000L\000o\000b\000e}{section.4.7}% 78
\BOOKMARK [2][-]{subsection.4.7.8}{\376\377\000S\000-\000t\000y\000p\000e\000\040\000b\000i\000n\000a\000r\000y\000\040\000C\000r\000i\000t\000i\000c\000a\000l\000\040\000O\000r\000b\000i\000t}{section.4.7}% 79
\BOOKMARK [2][-]{subsection.4.7.9}{\376\377\000O\000u\000t\000e\000r\000\040\000O\000r\000b\000i\000t\000\040\000L\000i\000m\000i\000t}{section.4.7}% 80
\BOOKMARK [2][-]{subsection.4.7.10}{\376\377\000I\000n\000n\000e\000r\000\040\000R\000o\000c\000k\000\040\000F\000o\000r\000m\000a\000t\000i\000o\000n\000\040\000L\000i\000m\000i\000t}{section.4.7}% 81
\BOOKMARK [2][-]{subsection.4.7.11}{\376\377\000O\000u\000t\000e\000r\000\040\000R\000o\000c\000k\000\040\000F\000o\000r\000m\000a\000t\000i\000o\000n\000\040\000L\000i\000m\000i\000t}{section.4.7}% 82
\BOOKMARK [2][-]{subsection.4.7.12}{\376\377\000I\000n\000n\000e\000r\000\040\000W\000a\000t\000e\000r\000\040\000F\000r\000o\000s\000t\000\040\000L\000i\000m\000i\000t}{section.4.7}% 83
\BOOKMARK [2][-]{subsection.4.7.13}{\376\377\000S\000o\000l\000-\000E\000q\000u\000i\000v\000a\000l\000e\000n\000t\000\040\000W\000a\000t\000e\000r\000\040\000F\000r\000o\000s\000t\000\040\000L\000i\000m\000i\000t}{section.4.7}% 84
\BOOKMARK [2][-]{subsection.4.7.14}{\376\377\000O\000u\000t\000e\000r\000\040\000W\000a\000t\000e\000r\000\040\000F\000r\000o\000s\000t\000\040\000L\000i\000m\000i\000t}{section.4.7}% 85
\BOOKMARK [1][-]{section.4.8}{\376\377\000I\000n\000s\000o\000l\000a\000t\000i\000o\000n\000\040\000M\000o\000d\000e\000l\000s}{chapter.4}% 86
\BOOKMARK [2][-]{subsection.4.8.1}{\376\377\000K\000o\000p\000p\000a\000r\000a\000p\000u}{section.4.8}% 87
\BOOKMARK [2][-]{subsection.4.8.2}{\376\377\000S\000e\000l\000s\000i\000s}{section.4.8}% 88
\BOOKMARK [2][-]{subsection.4.8.3}{\376\377\000R\000e\000l\000a\000x\000e\000d\000\040\000M\000i\000n\000i\000m\000u\000m\000\040\000L\000i\000m\000i\000t}{section.4.8}% 89
\BOOKMARK [2][-]{subsection.4.8.4}{\376\377\000R\000e\000l\000a\000x\000e\000d\000\040\000M\000a\000x\000i\000m\000u\000m\000\040\000L\000i\000m\000i\000t}{section.4.8}% 90
\BOOKMARK [2][-]{subsection.4.8.5}{\376\377\000C\000o\000n\000s\000e\000r\000v\000a\000t\000i\000v\000e\000\040\000M\000i\000n\000i\000m\000u\000m\000\040\000L\000i\000m\000i\000t}{section.4.8}% 91
\BOOKMARK [2][-]{subsection.4.8.6}{\376\377\000C\000o\000n\000s\000e\000r\000v\000a\000t\000i\000v\000e\000\040\000M\000a\000x\000i\000m\000u\000m\000\040\000L\000i\000m\000i\000t}{section.4.8}% 92
\BOOKMARK [2][-]{subsection.4.8.7}{\376\377\000E\000a\000r\000t\000h\000-\000E\000q\000u\000i\000v\000a\000l\000e\000n\000t\000\040\000L\000i\000m\000i\000t}{section.4.8}% 93
\BOOKMARK [1][-]{section.4.9}{\376\377\000H\000a\000b\000i\000t\000a\000b\000i\000l\000i\000t\000y}{chapter.4}% 94
\BOOKMARK [2][-]{subsection.4.9.1}{\376\377\000H\000a\000b\000i\000t\000a\000b\000l\000e\000\040\000Z\000o\000n\000e\000s}{section.4.9}% 95
\BOOKMARK [3][-]{subsubsection*.100}{\376\377\000S\000i\000n\000g\000l\000e\000\040\000S\000t\000a\000r\000\040\000H\000a\000b\000i\000t\000a\000b\000l\000e\000\040\000Z\000o\000n\000e}{subsection.4.9.1}% 96
\BOOKMARK [3][-]{subsubsection*.102}{\376\377\000R\000a\000d\000i\000a\000t\000i\000v\000e\000\040\000H\000a\000b\000i\000t\000a\000b\000l\000e\000\040\000Z\000o\000n\000e}{subsection.4.9.1}% 97
\BOOKMARK [3][-]{subsubsection*.104}{\376\377\000P\000e\000r\000m\000a\000n\000e\000n\000t\000\040\000H\000a\000b\000i\000t\000a\000b\000l\000e\000\040\000Z\000o\000n\000e}{subsection.4.9.1}% 98
\BOOKMARK [3][-]{subsubsection*.106}{\376\377\000A\000v\000e\000r\000a\000g\000e\000\040\000H\000a\000b\000i\000t\000a\000b\000l\000e\000\040\000Z\000o\000n\000e}{subsection.4.9.1}% 99
\BOOKMARK [2][-]{subsection.4.9.2}{\376\377\000S\000i\000n\000g\000l\000e\000\040\000S\000t\000a\000r\000\040\000H\000a\000b\000i\000t\000a\000b\000i\000l\000i\000t\000y}{section.4.9}% 100
\BOOKMARK [2][-]{subsection.4.9.3}{\376\377\000B\000i\000n\000a\000r\000y\000\040\000S\000-\000t\000y\000p\000e\000\040\000H\000a\000b\000i\000t\000a\000b\000i\000l\000i\000t\000y}{section.4.9}% 101
\BOOKMARK [2][-]{subsection.4.9.4}{\376\377\000B\000i\000n\000a\000r\000y\000\040\000P\000-\000t\000y\000p\000e\000\040\000H\000a\000b\000i\000t\000a\000b\000i\000l\000i\000t\000y}{section.4.9}% 102
\BOOKMARK [2][-]{subsection.4.9.5}{\376\377\000P\000l\000a\000n\000e\000t\000\040\000H\000a\000b\000i\000t\000a\000b\000i\000l\000i\000t\000y}{section.4.9}% 103
\BOOKMARK [2][-]{subsection.4.9.6}{\376\377\000S\000a\000t\000e\000l\000l\000i\000t\000e\000\040\000H\000a\000b\000i\000t\000a\000b\000i\000l\000i\000t\000y}{section.4.9}% 104
\BOOKMARK [2][-]{subsection.4.9.7}{\376\377\000T\000r\000o\000j\000a\000n\000\040\000S\000a\000t\000e\000l\000l\000i\000t\000e\000\040\000H\000a\000b\000i\000t\000a\000b\000i\000l\000i\000t\000y}{section.4.9}% 105
